{"C:\\Users\\David\\Desktop\\se17b-hw4-learn-tdd-davidkaliner-1-master\\test\\test.js":{"path":"C:\\Users\\David\\Desktop\\se17b-hw4-learn-tdd-davidkaliner-1-master\\test\\test.js","s":{"1":1,"2":1,"3":1,"4":0,"5":0,"6":0},"b":{},"f":{"1":0,"2":0,"3":0},"fnMap":{"1":{"name":"(anonymous_1)","line":4,"loc":{"start":{"line":4,"column":26},"end":{"line":4,"column":36}}},"2":{"name":"(anonymous_2)","line":5,"loc":{"start":{"line":5,"column":23},"end":{"line":5,"column":33}}},"3":{"name":"(anonymous_3)","line":6,"loc":{"start":{"line":6,"column":80},"end":{"line":6,"column":90}}}},"statementMap":{"1":{"start":{"line":1,"column":0},"end":{"line":1,"column":31}},"2":{"start":{"line":2,"column":0},"end":{"line":2,"column":30}},"3":{"start":{"line":4,"column":0},"end":{"line":10,"column":3}},"4":{"start":{"line":5,"column":2},"end":{"line":9,"column":4}},"5":{"start":{"line":6,"column":4},"end":{"line":8,"column":2}},"6":{"start":{"line":7,"column":4},"end":{"line":7,"column":82}}},"branchMap":{}}}